2025-11-01 11:39:50,924 - INFO - Период сбора: 2025-08-03 - 2025-11-01
2025-11-01 11:39:50,946 - INFO - Запуск сбора из 46 источников
2025-11-01 11:39:50,946 - INFO - [1/46] Обрабатываю: Kubernetes Blog
2025-11-01 11:39:52,243 - INFO -   Найдено в период: 25
2025-11-01 11:39:53,244 - INFO - [2/46] Обрабатываю: Kubernetes Developer
2025-11-01 11:39:54,689 - ERROR - Ошибка при получении https://kubernetes.dev/feed.xml: 404 Client Error: Not Found for url: https://www.kubernetes.dev/feed.xml
2025-11-01 11:39:54,691 - INFO - [3/46] Обрабатываю: Docker Blog
2025-11-01 11:39:55,403 - INFO -   Найдено в период: 10
2025-11-01 11:39:56,405 - INFO - [4/46] Обрабатываю: Podman Blog
2025-11-01 11:39:56,827 - ERROR - Ошибка при получении https://podman.io/blog/feed: 404 Client Error: Not Found for url: https://podman.io/blog/feed
2025-11-01 11:39:56,828 - INFO - [5/46] Обрабатываю: Kubernetes Releases
2025-11-01 11:39:57,495 - INFO -   Найдено в период: 0
2025-11-01 11:39:58,496 - INFO - [6/46] Обрабатываю: Docker CE Releases
2025-11-01 11:40:00,265 - INFO -   Найдено в период: 0
2025-11-01 11:40:01,266 - INFO - [7/46] Обрабатываю: Podman Releases
2025-11-01 11:40:02,166 - INFO -   Найдено в период: 0
2025-11-01 11:40:03,166 - INFO - [8/46] Обрабатываю: containerd Releases
2025-11-01 11:40:04,054 - INFO -   Найдено в период: 0
2025-11-01 11:40:05,054 - INFO - [9/46] Обрабатываю: CRI-O Releases
2025-11-01 11:40:07,138 - INFO -   Найдено в период: 0
2025-11-01 11:40:08,138 - INFO - [10/46] Обрабатываю: Helm Releases
2025-11-01 11:40:12,132 - INFO -   Найдено в период: 0
2025-11-01 11:40:13,133 - INFO - [11/46] Обрабатываю: K9s Releases
2025-11-01 11:40:13,851 - INFO -   Найдено в период: 0
2025-11-01 11:40:14,852 - INFO - [12/46] Обрабатываю: Lens Releases
2025-11-01 11:40:15,411 - INFO -   Найдено в период: 0
2025-11-01 11:40:16,411 - INFO - [13/46] Обрабатываю: Portainer Releases
2025-11-01 11:40:16,947 - INFO -   Найдено в период: 0
2025-11-01 11:40:17,948 - INFO - [14/46] Обрабатываю: Prometheus Releases
2025-11-01 11:40:18,307 - INFO -   Найдено в период: 0
2025-11-01 11:40:19,308 - INFO - [15/46] Обрабатываю: Grafana Releases
2025-11-01 11:40:20,372 - INFO -   Найдено в период: 0
2025-11-01 11:40:21,373 - INFO - [16/46] Обрабатываю: Jaeger Releases
2025-11-01 11:40:22,191 - INFO -   Найдено в период: 0
2025-11-01 11:40:23,191 - INFO - [17/46] Обрабатываю: Cilium Releases
2025-11-01 11:40:24,641 - INFO -   Найдено в период: 0
2025-11-01 11:40:25,642 - INFO - [18/46] Обрабатываю: Calico Releases
2025-11-01 11:40:26,318 - INFO -   Найдено в период: 0
2025-11-01 11:40:27,319 - INFO - [19/46] Обрабатываю: Falco Releases
2025-11-01 11:40:29,045 - INFO -   Найдено в период: 0
2025-11-01 11:40:30,045 - INFO - [20/46] Обрабатываю: Trivy Releases
2025-11-01 11:40:31,706 - INFO -   Найдено в период: 0
2025-11-01 11:40:32,706 - INFO - [21/46] Обрабатываю: OPA Releases
2025-11-01 11:40:34,891 - INFO -   Найдено в период: 0
2025-11-01 11:40:35,892 - INFO - [22/46] Обрабатываю: Argo CD Releases
2025-11-01 11:40:37,899 - INFO -   Найдено в период: 0
2025-11-01 11:40:38,900 - INFO - [23/46] Обрабатываю: FluxCD Releases
2025-11-01 11:40:39,497 - INFO -   Найдено в период: 0
2025-11-01 11:40:40,497 - INFO - [24/46] Обрабатываю: Tekton Pipeline Releases
2025-11-01 11:40:41,798 - INFO -   Найдено в период: 0
2025-11-01 11:40:42,799 - INFO - [25/46] Обрабатываю: Rook Releases
2025-11-01 11:40:43,661 - INFO -   Найдено в период: 0
2025-11-01 11:40:44,662 - INFO - [26/46] Обрабатываю: MinIO Releases
2025-11-01 11:40:46,156 - INFO -   Найдено в период: 0
2025-11-01 11:40:47,157 - INFO - [27/46] Обрабатываю: Dev.to Docker
2025-11-01 11:40:49,018 - INFO -   Найдено в период: 12
2025-11-01 11:40:50,018 - INFO - [28/46] Обрабатываю: Dev.to Kubernetes
2025-11-01 11:40:50,441 - INFO -   Найдено в период: 12
2025-11-01 11:40:51,441 - INFO - [29/46] Обрабатываю: Dev.to Containers
2025-11-01 11:40:54,242 - INFO -   Найдено в период: 12
2025-11-01 11:40:55,243 - INFO - [30/46] Обрабатываю: Medium learnk8s
2025-11-01 11:40:55,543 - ERROR - Ошибка при получении https://medium.com/feed/learnk8s: 429 Client Error: Too Many Requests for url: https://medium.com/feed/learnk8s
2025-11-01 11:40:55,543 - INFO - [31/46] Обрабатываю: ITNEXT Kubernetes
2025-11-01 11:40:57,087 - ERROR - Ошибка при получении https://itnext.io/feed/tagged/kubernetes: HTTPSConnectionPool(host='itnext.io', port=443): Max retries exceeded with url: /feed/tagged/kubernetes (Caused by SSLError(SSLCertVerificationError(1, '[SSL: CERTIFICATE_VERIFY_FAILED] certificate verify failed: unable to get local issuer certificate (_ssl.c:1035)')))
2025-11-01 11:40:57,087 - INFO - [32/46] Обрабатываю: The New Stack Kubernetes
2025-11-01 11:40:58,967 - INFO -   Найдено в период: 26
2025-11-01 11:40:59,968 - INFO - [33/46] Обрабатываю: Container Journal
2025-11-01 11:41:01,094 - INFO -   Найдено в период: 10
2025-11-01 11:41:02,095 - INFO - [34/46] Обрабатываю: Google Cloud Containers
2025-11-01 11:41:04,738 - INFO -   Найдено в период: 0
2025-11-01 11:41:05,738 - INFO - [35/46] Обрабатываю: AWS OpenSource
2025-11-01 11:41:06,455 - INFO -   Найдено в период: 5
2025-11-01 11:41:07,456 - INFO - [36/46] Обрабатываю: Azure Blog
2025-11-01 11:41:09,165 - INFO -   Найдено в период: 10
2025-11-01 11:41:10,165 - INFO - [37/46] Обрабатываю: Yandex Cloud
2025-11-01 11:41:40,435 - ERROR - Ошибка при получении https://cloud.yandex.ru/blog/rss: HTTPSConnectionPool(host='yandex.cloud', port=443): Read timed out. (read timeout=30)
2025-11-01 11:41:40,435 - INFO - [38/46] Обрабатываю: Selectel Blog
2025-11-01 12:00:15,201 - INFO - Период сбора: 2025-08-03 - 2025-11-01
2025-11-01 12:00:15,208 - INFO - Детальный отчет сохранен: data/comprehensive_report_20251101_1200.json
