2025-10-31 10:06:51,406 - __main__ - INFO - EnhancedNewsSystem инициализирована
2025-10-31 10:06:51,406 - __main__ - INFO - Запуск сбора новостей...
2025-10-31 10:06:51,407 - __main__ - INFO - Начинаем сбор новостей за последние 3 месяцев
2025-10-31 10:06:51,407 - __main__ - INFO - Обрабатываем категорию: kubernetes_ecosystem
2025-10-31 10:06:52,758 - __main__ - INFO - Собрано 25 новостей из Kubernetes Official Blog
2025-10-31 10:06:54,704 - __main__ - INFO - Собрано 10 новостей из Kubernetes Releases
2025-10-31 10:06:56,485 - __main__ - INFO - Собрано 10 новостей из CNCF Blog
2025-10-31 10:06:57,495 - __main__ - INFO - Обрабатываем категорию: docker_ecosystem
2025-10-31 10:06:59,572 - __main__ - INFO - Собрано 10 новостей из Docker Blog
2025-10-31 10:07:10,057 - __main__ - INFO - Собрано 0 новостей из Docker CE Releases
2025-10-31 10:07:11,070 - __main__ - INFO - Обрабатываем категорию: podman_ecosystem
2025-10-31 10:07:12,251 - __main__ - INFO - Собрано 6 новостей из Podman Releases
2025-10-31 10:07:13,265 - __main__ - INFO - Обрабатываем категорию: webassembly
2025-10-31 10:07:15,187 - __main__ - INFO - Собрано 2 новостей из WasmEdge Releases
2025-10-31 10:07:16,197 - __main__ - INFO - Обрабатываем категорию: russian_sources
2025-10-31 10:07:17,117 - __main__ - INFO - Собрано 2 новостей из Habr Kubernetes
2025-10-31 10:15:59,985 - __main__ - INFO - EnhancedNewsSystem инициализирована
2025-10-31 16:48:06,359 - __main__ - INFO - EnhancedNewsSystem инициализирована
2025-10-31 16:48:06,360 - __main__ - INFO - Запуск сбора новостей...
2025-10-31 16:48:06,360 - __main__ - INFO - Начинаем сбор новостей за последние 3 месяцев
2025-10-31 16:48:06,361 - __main__ - INFO - Обрабатываем категорию: kubernetes_ecosystem
